{"name":"successful login","id":"login;successful-login","testSteps":[{"number":1,"description":"Example: {email\u003dacadenacuellar22@gmail.com, password\u003dCadena123456}","duration":57916,"startTime":"2023-09-28T11:53:33.361-05:00[America/Bogota]","exception":{"errorType":"net.thucydides.core.webdriver.exceptions.ElementShouldBeEnabledException","message":"Expected enabled element was not enabled","stackTrace":[{"declaringClass":"com.co.conduit.tasks.Login","methodName":"performAs","fileName":"Login.java","lineNumber":20},{"declaringClass":"com.co.conduit.stepsdefinitions.LoginStepDefinition","methodName":"theUserEnterTheDataForTheLogin","fileName":"LoginStepDefinition.java","lineNumber":43},{"declaringClass":"cucumber.runner.Runner","methodName":"runPickle","fileName":"Runner.java","lineNumber":80}],"rootCause":{"errorType":"org.openqa.selenium.TimeoutException","message":"Expected condition failed: waiting for By.xpath: //*[@id\u003d \u0027password\u0027] to be enabled (tried for 5 second(s) with 100 milliseconds interval)","stackTrace":[{"declaringClass":"com.co.conduit.tasks.Login","methodName":"performAs","fileName":"Login.java","lineNumber":20},{"declaringClass":"com.co.conduit.stepsdefinitions.LoginStepDefinition","methodName":"theUserEnterTheDataForTheLogin","fileName":"LoginStepDefinition.java","lineNumber":43},{"declaringClass":"cucumber.runner.Runner","methodName":"runPickle","fileName":"Runner.java","lineNumber":80}],"rootCause":{"errorType":"org.openqa.selenium.NoSuchElementException","message":"no such element: Unable to locate element: {\"method\":\"xpath\",\"selector\":\"//*[@id\u003d \u0027password\u0027]\"}\n  (Session info: chrome\u003d117.0.5938.132)\nFor documentation on this error, please visit: https://www.seleniumhq.org/exceptions/no_such_element.html\nBuild info: version: \u00273.141.59\u0027, revision: \u0027e82be7d358\u0027, time: \u00272018-11-14T08:17:03\u0027\nSystem info: host: \u0027CAMDFPCFAFSP008\u0027, ip: \u0027172.18.1.253\u0027, os.name: \u0027Windows 10\u0027, os.arch: \u0027amd64\u0027, os.version: \u002710.0\u0027, java.version: \u00271.8.0_382\u0027\nDriver info: org.openqa.selenium.chrome.ChromeDriver\nCapabilities {acceptInsecureCerts: false, browserName: chrome, browserVersion: 117.0.5938.132, chrome: {chromedriverVersion: 117.0.5938.92 (67649b10b92b..., userDataDir: C:\\Users\\SENA\\AppData\\Local...}, fedcm:accounts: true, goog:chromeOptions: {debuggerAddress: localhost:64082}, javascriptEnabled: true, networkConnectionEnabled: false, pageLoadStrategy: normal, platform: WINDOWS, platformName: WINDOWS, proxy: Proxy(), setWindowRect: true, strictFileInteractability: false, timeouts: {implicit: 0, pageLoad: 300000, script: 30000}, unhandledPromptBehavior: dismiss and notify, webauthn:extension:credBlob: true, webauthn:extension:largeBlob: true, webauthn:extension:minPinLength: true, webauthn:extension:prf: true, webauthn:virtualAuthenticators: true}\nSession ID: 19408f42c8c8d627d237e5b6dbe32397\n*** Element info: {Using\u003dxpath, value\u003d//*[@id\u003d \u0027password\u0027]}","stackTrace":[{"declaringClass":"com.co.conduit.tasks.Login","methodName":"performAs","fileName":"Login.java","lineNumber":20},{"declaringClass":"com.co.conduit.stepsdefinitions.LoginStepDefinition","methodName":"theUserEnterTheDataForTheLogin","fileName":"LoginStepDefinition.java","lineNumber":43},{"declaringClass":"cucumber.runner.Runner","methodName":"runPickle","fileName":"Runner.java","lineNumber":80}]}}},"result":"FAILURE","precondition":false,"level":0,"children":[{"number":2,"description":"Given The user is on the page view","duration":35884,"startTime":"2023-09-28T11:53:33.674-05:00[America/Bogota]","screenshots":[{"screenshot":"6d34b7df523a8620bcdf711b06ea26d57df156c1d883c7a8f90e5dcdfdc223e9.png","timeStamp":1695920049558}],"result":"SUCCESS","precondition":false,"level":1,"children":[{"number":3,"description":"User opens the https://www.booking.com/index.es.html?label\u003dgen173nr-1BCAEoggI46AdIM1gEaDKIAQGYAQq4ARfIAQzYAQHoAQGIAgGoAgO4AvPH0agGwAIB0gIkYTA5YTA4ZTItMDgxNi00ODhlLWEwMWQtZDJkMzkyMDgxY2Vi2AIF4AIB\u0026sid\u003d64a29f8d27548abc1d3fcd600c279917\u0026keep_landing\u003d1\u0026sb_price_type\u003dtotal\u0026","duration":34099,"startTime":"2023-09-28T11:53:35.163-05:00[America/Bogota]","screenshots":[{"screenshot":"6d34b7df523a8620bcdf711b06ea26d57df156c1d883c7a8f90e5dcdfdc223e9.png","timeStamp":1695920049262}],"result":"SUCCESS","precondition":false,"level":2}]},{"number":4,"description":"When The user enter the data for the login\r\n| email | password |\r\n| acadenacuellar22@gmail.com | Cadena123456 |","duration":21688,"startTime":"2023-09-28T11:54:09.558-05:00[America/Bogota]","screenshots":[{"screenshot":"6d34b7df523a8620bcdf711b06ea26d57df156c1d883c7a8f90e5dcdfdc223e9.png","timeStamp":1695920049599}],"exception":{"errorType":"net.thucydides.core.webdriver.exceptions.ElementShouldBeEnabledException","message":"Expected enabled element was not enabled","stackTrace":[{"declaringClass":"com.co.conduit.tasks.Login","methodName":"performAs","fileName":"Login.java","lineNumber":20},{"declaringClass":"com.co.conduit.stepsdefinitions.LoginStepDefinition","methodName":"theUserEnterTheDataForTheLogin","fileName":"LoginStepDefinition.java","lineNumber":43},{"declaringClass":"cucumber.runner.Runner","methodName":"runPickle","fileName":"Runner.java","lineNumber":80}],"rootCause":{"errorType":"org.openqa.selenium.TimeoutException","message":"Expected condition failed: waiting for By.xpath: //*[@id\u003d \u0027password\u0027] to be enabled (tried for 5 second(s) with 100 milliseconds interval)","stackTrace":[{"declaringClass":"com.co.conduit.tasks.Login","methodName":"performAs","fileName":"Login.java","lineNumber":20},{"declaringClass":"com.co.conduit.stepsdefinitions.LoginStepDefinition","methodName":"theUserEnterTheDataForTheLogin","fileName":"LoginStepDefinition.java","lineNumber":43},{"declaringClass":"cucumber.runner.Runner","methodName":"runPickle","fileName":"Runner.java","lineNumber":80}],"rootCause":{"errorType":"org.openqa.selenium.NoSuchElementException","message":"no such element: Unable to locate element: {\"method\":\"xpath\",\"selector\":\"//*[@id\u003d \u0027password\u0027]\"}\n  (Session info: chrome\u003d117.0.5938.132)\nFor documentation on this error, please visit: https://www.seleniumhq.org/exceptions/no_such_element.html\nBuild info: version: \u00273.141.59\u0027, revision: \u0027e82be7d358\u0027, time: \u00272018-11-14T08:17:03\u0027\nSystem info: host: \u0027CAMDFPCFAFSP008\u0027, ip: \u0027172.18.1.253\u0027, os.name: \u0027Windows 10\u0027, os.arch: \u0027amd64\u0027, os.version: \u002710.0\u0027, java.version: \u00271.8.0_382\u0027\nDriver info: org.openqa.selenium.chrome.ChromeDriver\nCapabilities {acceptInsecureCerts: false, browserName: chrome, browserVersion: 117.0.5938.132, chrome: {chromedriverVersion: 117.0.5938.92 (67649b10b92b..., userDataDir: C:\\Users\\SENA\\AppData\\Local...}, fedcm:accounts: true, goog:chromeOptions: {debuggerAddress: localhost:64082}, javascriptEnabled: true, networkConnectionEnabled: false, pageLoadStrategy: normal, platform: WINDOWS, platformName: WINDOWS, proxy: Proxy(), setWindowRect: true, strictFileInteractability: false, timeouts: {implicit: 0, pageLoad: 300000, script: 30000}, unhandledPromptBehavior: dismiss and notify, webauthn:extension:credBlob: true, webauthn:extension:largeBlob: true, webauthn:extension:minPinLength: true, webauthn:extension:prf: true, webauthn:virtualAuthenticators: true}\nSession ID: 19408f42c8c8d627d237e5b6dbe32397\n*** Element info: {Using\u003dxpath, value\u003d//*[@id\u003d \u0027password\u0027]}","stackTrace":[{"declaringClass":"com.co.conduit.tasks.Login","methodName":"performAs","fileName":"Login.java","lineNumber":20},{"declaringClass":"com.co.conduit.stepsdefinitions.LoginStepDefinition","methodName":"theUserEnterTheDataForTheLogin","fileName":"LoginStepDefinition.java","lineNumber":43},{"declaringClass":"cucumber.runner.Runner","methodName":"runPickle","fileName":"Runner.java","lineNumber":80}]}}},"result":"FAILURE","precondition":false,"level":1,"children":[{"number":5,"description":"User login","duration":21565,"startTime":"2023-09-28T11:54:09.665-05:00[America/Bogota]","screenshots":[{"screenshot":"6d34b7df523a8620bcdf711b06ea26d57df156c1d883c7a8f90e5dcdfdc223e9.png","timeStamp":1695920049834}],"exception":{"errorType":"net.thucydides.core.webdriver.exceptions.ElementShouldBeEnabledException","message":"Expected enabled element was not enabled","stackTrace":[{"declaringClass":"com.co.conduit.tasks.Login","methodName":"performAs","fileName":"Login.java","lineNumber":20},{"declaringClass":"com.co.conduit.stepsdefinitions.LoginStepDefinition","methodName":"theUserEnterTheDataForTheLogin","fileName":"LoginStepDefinition.java","lineNumber":43},{"declaringClass":"cucumber.runner.Runner","methodName":"runPickle","fileName":"Runner.java","lineNumber":80}],"rootCause":{"errorType":"org.openqa.selenium.TimeoutException","message":"Expected condition failed: waiting for By.xpath: //*[@id\u003d \u0027password\u0027] to be enabled (tried for 5 second(s) with 100 milliseconds interval)","stackTrace":[{"declaringClass":"com.co.conduit.tasks.Login","methodName":"performAs","fileName":"Login.java","lineNumber":20},{"declaringClass":"com.co.conduit.stepsdefinitions.LoginStepDefinition","methodName":"theUserEnterTheDataForTheLogin","fileName":"LoginStepDefinition.java","lineNumber":43},{"declaringClass":"cucumber.runner.Runner","methodName":"runPickle","fileName":"Runner.java","lineNumber":80}],"rootCause":{"errorType":"org.openqa.selenium.NoSuchElementException","message":"no such element: Unable to locate element: {\"method\":\"xpath\",\"selector\":\"//*[@id\u003d \u0027password\u0027]\"}\n  (Session info: chrome\u003d117.0.5938.132)\nFor documentation on this error, please visit: https://www.seleniumhq.org/exceptions/no_such_element.html\nBuild info: version: \u00273.141.59\u0027, revision: \u0027e82be7d358\u0027, time: \u00272018-11-14T08:17:03\u0027\nSystem info: host: \u0027CAMDFPCFAFSP008\u0027, ip: \u0027172.18.1.253\u0027, os.name: \u0027Windows 10\u0027, os.arch: \u0027amd64\u0027, os.version: \u002710.0\u0027, java.version: \u00271.8.0_382\u0027\nDriver info: org.openqa.selenium.chrome.ChromeDriver\nCapabilities {acceptInsecureCerts: false, browserName: chrome, browserVersion: 117.0.5938.132, chrome: {chromedriverVersion: 117.0.5938.92 (67649b10b92b..., userDataDir: C:\\Users\\SENA\\AppData\\Local...}, fedcm:accounts: true, goog:chromeOptions: {debuggerAddress: localhost:64082}, javascriptEnabled: true, networkConnectionEnabled: false, pageLoadStrategy: normal, platform: WINDOWS, platformName: WINDOWS, proxy: Proxy(), setWindowRect: true, strictFileInteractability: false, timeouts: {implicit: 0, pageLoad: 300000, script: 30000}, unhandledPromptBehavior: dismiss and notify, webauthn:extension:credBlob: true, webauthn:extension:largeBlob: true, webauthn:extension:minPinLength: true, webauthn:extension:prf: true, webauthn:virtualAuthenticators: true}\nSession ID: 19408f42c8c8d627d237e5b6dbe32397\n*** Element info: {Using\u003dxpath, value\u003d//*[@id\u003d \u0027password\u0027]}","stackTrace":[{"declaringClass":"com.co.conduit.tasks.Login","methodName":"performAs","fileName":"Login.java","lineNumber":20},{"declaringClass":"com.co.conduit.stepsdefinitions.LoginStepDefinition","methodName":"theUserEnterTheDataForTheLogin","fileName":"LoginStepDefinition.java","lineNumber":43},{"declaringClass":"cucumber.runner.Runner","methodName":"runPickle","fileName":"Runner.java","lineNumber":80}]}}},"result":"FAILURE","precondition":false,"level":2,"children":[{"number":6,"description":"User clicks on clic en el elemento register","duration":11610,"startTime":"2023-09-28T11:54:09.941-05:00[America/Bogota]","screenshots":[{"screenshot":"6d34b7df523a8620bcdf711b06ea26d57df156c1d883c7a8f90e5dcdfdc223e9.png","timeStamp":1695920050114},{"screenshot":"155c8bc69abff2db2afca73fbf579476677b725d704e34660bbc0025ac36f402.png","timeStamp":1695920061550}],"result":"SUCCESS","precondition":false,"level":3},{"number":7,"description":"User enters \u0027acadenacuellar22@gmail.com\u0027 into ingresar Enter your email address","duration":1722,"startTime":"2023-09-28T11:54:21.558-05:00[America/Bogota]","screenshots":[{"screenshot":"155c8bc69abff2db2afca73fbf579476677b725d704e34660bbc0025ac36f402.png","timeStamp":1695920061598},{"screenshot":"2cfe090f7634d855d5b1e9bf23e47841ff05bd148fdf8452317959659b443ba0.png","timeStamp":1695920063280}],"result":"SUCCESS","precondition":false,"level":3},{"number":8,"description":"User clicks on clic boton continue with email","duration":886,"startTime":"2023-09-28T11:54:23.280-05:00[America/Bogota]","screenshots":[{"screenshot":"2cfe090f7634d855d5b1e9bf23e47841ff05bd148fdf8452317959659b443ba0.png","timeStamp":1695920063317},{"screenshot":"93f3723ebb1891cc1968eb76ec44a226d86531bef594a61de7ce8c1b2f89a31a.png","timeStamp":1695920064166}],"result":"SUCCESS","precondition":false,"level":3},{"number":9,"description":"User enters \u0027Cadena123456\u0027 into ingresar Enter password","duration":7031,"startTime":"2023-09-28T11:54:24.168-05:00[America/Bogota]","screenshots":[{"screenshot":"93f3723ebb1891cc1968eb76ec44a226d86531bef594a61de7ce8c1b2f89a31a.png","timeStamp":1695920064199},{"screenshot":"2baea5276ce702d971a730df33428d490414c57fa2db95e2f16966ef87cbccd8.png","htmlSource":"pagesource8478462491950950269.html.txt","timeStamp":1695920071183}],"exception":{"errorType":"net.thucydides.core.webdriver.exceptions.ElementShouldBeEnabledException","message":"Expected enabled element was not enabled","stackTrace":[{"declaringClass":"com.co.conduit.tasks.Login","methodName":"performAs","fileName":"Login.java","lineNumber":20},{"declaringClass":"com.co.conduit.stepsdefinitions.LoginStepDefinition","methodName":"theUserEnterTheDataForTheLogin","fileName":"LoginStepDefinition.java","lineNumber":43},{"declaringClass":"cucumber.runner.Runner","methodName":"runPickle","fileName":"Runner.java","lineNumber":80}],"rootCause":{"errorType":"org.openqa.selenium.TimeoutException","message":"Expected condition failed: waiting for By.xpath: //*[@id\u003d \u0027password\u0027] to be enabled (tried for 5 second(s) with 100 milliseconds interval)","stackTrace":[{"declaringClass":"com.co.conduit.tasks.Login","methodName":"performAs","fileName":"Login.java","lineNumber":20},{"declaringClass":"com.co.conduit.stepsdefinitions.LoginStepDefinition","methodName":"theUserEnterTheDataForTheLogin","fileName":"LoginStepDefinition.java","lineNumber":43},{"declaringClass":"cucumber.runner.Runner","methodName":"runPickle","fileName":"Runner.java","lineNumber":80}],"rootCause":{"errorType":"org.openqa.selenium.NoSuchElementException","message":"no such element: Unable to locate element: {\"method\":\"xpath\",\"selector\":\"//*[@id\u003d \u0027password\u0027]\"}\n  (Session info: chrome\u003d117.0.5938.132)\nFor documentation on this error, please visit: https://www.seleniumhq.org/exceptions/no_such_element.html\nBuild info: version: \u00273.141.59\u0027, revision: \u0027e82be7d358\u0027, time: \u00272018-11-14T08:17:03\u0027\nSystem info: host: \u0027CAMDFPCFAFSP008\u0027, ip: \u0027172.18.1.253\u0027, os.name: \u0027Windows 10\u0027, os.arch: \u0027amd64\u0027, os.version: \u002710.0\u0027, java.version: \u00271.8.0_382\u0027\nDriver info: org.openqa.selenium.chrome.ChromeDriver\nCapabilities {acceptInsecureCerts: false, browserName: chrome, browserVersion: 117.0.5938.132, chrome: {chromedriverVersion: 117.0.5938.92 (67649b10b92b..., userDataDir: C:\\Users\\SENA\\AppData\\Local...}, fedcm:accounts: true, goog:chromeOptions: {debuggerAddress: localhost:64082}, javascriptEnabled: true, networkConnectionEnabled: false, pageLoadStrategy: normal, platform: WINDOWS, platformName: WINDOWS, proxy: Proxy(), setWindowRect: true, strictFileInteractability: false, timeouts: {implicit: 0, pageLoad: 300000, script: 30000}, unhandledPromptBehavior: dismiss and notify, webauthn:extension:credBlob: true, webauthn:extension:largeBlob: true, webauthn:extension:minPinLength: true, webauthn:extension:prf: true, webauthn:virtualAuthenticators: true}\nSession ID: 19408f42c8c8d627d237e5b6dbe32397\n*** Element info: {Using\u003dxpath, value\u003d//*[@id\u003d \u0027password\u0027]}","stackTrace":[{"declaringClass":"com.co.conduit.tasks.Login","methodName":"performAs","fileName":"Login.java","lineNumber":20},{"declaringClass":"com.co.conduit.stepsdefinitions.LoginStepDefinition","methodName":"theUserEnterTheDataForTheLogin","fileName":"LoginStepDefinition.java","lineNumber":43},{"declaringClass":"cucumber.runner.Runner","methodName":"runPickle","fileName":"Runner.java","lineNumber":80}]}}},"result":"FAILURE","precondition":false,"level":3}]}]}]},{"number":10,"description":"Then the user should see the accommodation view page","duration":31,"startTime":"2023-09-28T11:54:31.304-05:00[America/Bogota]","result":"SKIPPED","precondition":false,"level":0},{"number":11,"description":"Example: {email\u003ddomingomartes213215@gmail.com, password\u003dJuan123456}","duration":14729,"startTime":"2023-09-28T11:54:32.832-05:00[America/Bogota]","exception":{"errorType":"org.openqa.selenium.NoSuchWindowException","message":"no such window: target window already closed\nfrom unknown error: web view not found\n  (Session info: chrome\u003d117.0.5938.132)\nBuild info: version: \u00273.141.59\u0027, revision: \u0027e82be7d358\u0027, time: \u00272018-11-14T08:17:03\u0027\nSystem info: host: \u0027CAMDFPCFAFSP008\u0027, ip: \u0027172.18.1.253\u0027, os.name: \u0027Windows 10\u0027, os.arch: \u0027amd64\u0027, os.version: \u002710.0\u0027, java.version: \u00271.8.0_382\u0027\nDriver info: org.openqa.selenium.chrome.ChromeDriver\nCapabilities {acceptInsecureCerts: false, browserName: chrome, browserVersion: 117.0.5938.132, chrome: {chromedriverVersion: 117.0.5938.92 (67649b10b92b..., userDataDir: C:\\Users\\SENA\\AppData\\Local...}, fedcm:accounts: true, goog:chromeOptions: {debuggerAddress: localhost:64197}, javascriptEnabled: true, networkConnectionEnabled: false, pageLoadStrategy: normal, platform: WINDOWS, platformName: WINDOWS, proxy: Proxy(), setWindowRect: true, strictFileInteractability: false, timeouts: {implicit: 0, pageLoad: 300000, script: 30000}, unhandledPromptBehavior: dismiss and notify, webauthn:extension:credBlob: true, webauthn:extension:largeBlob: true, webauthn:extension:minPinLength: true, webauthn:extension:prf: true, webauthn:virtualAuthenticators: true}\nSession ID: 32182198705f94bce10ad9cf196dbd67\n*** Element info: {Using\u003dxpath, value\u003d//*[contains(@href,\u0027https://account.booking.com/auth/oauth2?client_id\u003dv\u0027) and @data-testid \u003d \u0027header-sign-up-button\u0027]}","stackTrace":[{"declaringClass":"com.co.conduit.tasks.Login","methodName":"performAs","fileName":"Login.java","lineNumber":20},{"declaringClass":"com.co.conduit.stepsdefinitions.LoginStepDefinition","methodName":"theUserEnterTheDataForTheLogin","fileName":"LoginStepDefinition.java","lineNumber":43},{"declaringClass":"cucumber.runner.Runner","methodName":"runPickle","fileName":"Runner.java","lineNumber":80}]},"result":"ERROR","precondition":false,"level":0,"children":[{"number":12,"description":"Given The user is on the page view","duration":14108,"startTime":"2023-09-28T11:54:32.848-05:00[America/Bogota]","result":"SUCCESS","precondition":false,"level":1,"children":[{"number":13,"description":"User opens the https://www.booking.com/index.es.html?label\u003dgen173nr-1BCAEoggI46AdIM1gEaDKIAQGYAQq4ARfIAQzYAQHoAQGIAgGoAgO4AvPH0agGwAIB0gIkYTA5YTA4ZTItMDgxNi00ODhlLWEwMWQtZDJkMzkyMDgxY2Vi2AIF4AIB\u0026sid\u003d64a29f8d27548abc1d3fcd600c279917\u0026keep_landing\u003d1\u0026sb_price_type\u003dtotal\u0026","duration":14034,"startTime":"2023-09-28T11:54:32.863-05:00[America/Bogota]","result":"SUCCESS","precondition":false,"level":2}]},{"number":14,"description":"When The user enter the data for the login\r\n| email | password |\r\n| domingomartes213215@gmail.com | Juan123456 |","duration":568,"startTime":"2023-09-28T11:54:46.956-05:00[America/Bogota]","exception":{"errorType":"org.openqa.selenium.NoSuchWindowException","message":"no such window: target window already closed\nfrom unknown error: web view not found\n  (Session info: chrome\u003d117.0.5938.132)\nBuild info: version: \u00273.141.59\u0027, revision: \u0027e82be7d358\u0027, time: \u00272018-11-14T08:17:03\u0027\nSystem info: host: \u0027CAMDFPCFAFSP008\u0027, ip: \u0027172.18.1.253\u0027, os.name: \u0027Windows 10\u0027, os.arch: \u0027amd64\u0027, os.version: \u002710.0\u0027, java.version: \u00271.8.0_382\u0027\nDriver info: org.openqa.selenium.chrome.ChromeDriver\nCapabilities {acceptInsecureCerts: false, browserName: chrome, browserVersion: 117.0.5938.132, chrome: {chromedriverVersion: 117.0.5938.92 (67649b10b92b..., userDataDir: C:\\Users\\SENA\\AppData\\Local...}, fedcm:accounts: true, goog:chromeOptions: {debuggerAddress: localhost:64197}, javascriptEnabled: true, networkConnectionEnabled: false, pageLoadStrategy: normal, platform: WINDOWS, platformName: WINDOWS, proxy: Proxy(), setWindowRect: true, strictFileInteractability: false, timeouts: {implicit: 0, pageLoad: 300000, script: 30000}, unhandledPromptBehavior: dismiss and notify, webauthn:extension:credBlob: true, webauthn:extension:largeBlob: true, webauthn:extension:minPinLength: true, webauthn:extension:prf: true, webauthn:virtualAuthenticators: true}\nSession ID: 32182198705f94bce10ad9cf196dbd67\n*** Element info: {Using\u003dxpath, value\u003d//*[contains(@href,\u0027https://account.booking.com/auth/oauth2?client_id\u003dv\u0027) and @data-testid \u003d \u0027header-sign-up-button\u0027]}","stackTrace":[{"declaringClass":"com.co.conduit.tasks.Login","methodName":"performAs","fileName":"Login.java","lineNumber":20},{"declaringClass":"com.co.conduit.stepsdefinitions.LoginStepDefinition","methodName":"theUserEnterTheDataForTheLogin","fileName":"LoginStepDefinition.java","lineNumber":43},{"declaringClass":"cucumber.runner.Runner","methodName":"runPickle","fileName":"Runner.java","lineNumber":80}]},"result":"ERROR","precondition":false,"level":1,"children":[{"number":15,"description":"User login","duration":460,"startTime":"2023-09-28T11:54:47.015-05:00[America/Bogota]","exception":{"errorType":"org.openqa.selenium.NoSuchWindowException","message":"no such window: target window already closed\nfrom unknown error: web view not found\n  (Session info: chrome\u003d117.0.5938.132)\nBuild info: version: \u00273.141.59\u0027, revision: \u0027e82be7d358\u0027, time: \u00272018-11-14T08:17:03\u0027\nSystem info: host: \u0027CAMDFPCFAFSP008\u0027, ip: \u0027172.18.1.253\u0027, os.name: \u0027Windows 10\u0027, os.arch: \u0027amd64\u0027, os.version: \u002710.0\u0027, java.version: \u00271.8.0_382\u0027\nDriver info: org.openqa.selenium.chrome.ChromeDriver\nCapabilities {acceptInsecureCerts: false, browserName: chrome, browserVersion: 117.0.5938.132, chrome: {chromedriverVersion: 117.0.5938.92 (67649b10b92b..., userDataDir: C:\\Users\\SENA\\AppData\\Local...}, fedcm:accounts: true, goog:chromeOptions: {debuggerAddress: localhost:64197}, javascriptEnabled: true, networkConnectionEnabled: false, pageLoadStrategy: normal, platform: WINDOWS, platformName: WINDOWS, proxy: Proxy(), setWindowRect: true, strictFileInteractability: false, timeouts: {implicit: 0, pageLoad: 300000, script: 30000}, unhandledPromptBehavior: dismiss and notify, webauthn:extension:credBlob: true, webauthn:extension:largeBlob: true, webauthn:extension:minPinLength: true, webauthn:extension:prf: true, webauthn:virtualAuthenticators: true}\nSession ID: 32182198705f94bce10ad9cf196dbd67\n*** Element info: {Using\u003dxpath, value\u003d//*[contains(@href,\u0027https://account.booking.com/auth/oauth2?client_id\u003dv\u0027) and @data-testid \u003d \u0027header-sign-up-button\u0027]}","stackTrace":[{"declaringClass":"com.co.conduit.tasks.Login","methodName":"performAs","fileName":"Login.java","lineNumber":20},{"declaringClass":"com.co.conduit.stepsdefinitions.LoginStepDefinition","methodName":"theUserEnterTheDataForTheLogin","fileName":"LoginStepDefinition.java","lineNumber":43},{"declaringClass":"cucumber.runner.Runner","methodName":"runPickle","fileName":"Runner.java","lineNumber":80}]},"result":"ERROR","precondition":false,"level":2,"children":[{"number":16,"description":"User clicks on clic en el elemento register","duration":291,"startTime":"2023-09-28T11:54:47.138-05:00[America/Bogota]","exception":{"errorType":"org.openqa.selenium.NoSuchWindowException","message":"no such window: target window already closed\nfrom unknown error: web view not found\n  (Session info: chrome\u003d117.0.5938.132)\nBuild info: version: \u00273.141.59\u0027, revision: \u0027e82be7d358\u0027, time: \u00272018-11-14T08:17:03\u0027\nSystem info: host: \u0027CAMDFPCFAFSP008\u0027, ip: \u0027172.18.1.253\u0027, os.name: \u0027Windows 10\u0027, os.arch: \u0027amd64\u0027, os.version: \u002710.0\u0027, java.version: \u00271.8.0_382\u0027\nDriver info: org.openqa.selenium.chrome.ChromeDriver\nCapabilities {acceptInsecureCerts: false, browserName: chrome, browserVersion: 117.0.5938.132, chrome: {chromedriverVersion: 117.0.5938.92 (67649b10b92b..., userDataDir: C:\\Users\\SENA\\AppData\\Local...}, fedcm:accounts: true, goog:chromeOptions: {debuggerAddress: localhost:64197}, javascriptEnabled: true, networkConnectionEnabled: false, pageLoadStrategy: normal, platform: WINDOWS, platformName: WINDOWS, proxy: Proxy(), setWindowRect: true, strictFileInteractability: false, timeouts: {implicit: 0, pageLoad: 300000, script: 30000}, unhandledPromptBehavior: dismiss and notify, webauthn:extension:credBlob: true, webauthn:extension:largeBlob: true, webauthn:extension:minPinLength: true, webauthn:extension:prf: true, webauthn:virtualAuthenticators: true}\nSession ID: 32182198705f94bce10ad9cf196dbd67\n*** Element info: {Using\u003dxpath, value\u003d//*[contains(@href,\u0027https://account.booking.com/auth/oauth2?client_id\u003dv\u0027) and @data-testid \u003d \u0027header-sign-up-button\u0027]}","stackTrace":[{"declaringClass":"com.co.conduit.tasks.Login","methodName":"performAs","fileName":"Login.java","lineNumber":20},{"declaringClass":"com.co.conduit.stepsdefinitions.LoginStepDefinition","methodName":"theUserEnterTheDataForTheLogin","fileName":"LoginStepDefinition.java","lineNumber":43},{"declaringClass":"cucumber.runner.Runner","methodName":"runPickle","fileName":"Runner.java","lineNumber":80}]},"result":"ERROR","precondition":false,"level":3}]}]}]},{"number":17,"description":"Then the user should see the accommodation view page","duration":28,"startTime":"2023-09-28T11:54:47.576-05:00[America/Bogota]","result":"SKIPPED","precondition":false,"level":0}],"userStory":{"id":"login","storyName":"Login","path":"src/test/resources/features/login.feature","narrative":"  i as services user, i need login in the web page","type":"feature"},"featureTag":{"name":"Features/Login","type":"feature","displayName":"Features/Login"},"title":"successful login","tags":[{"name":"Login","type":"feature","displayName":"Login"}],"startTime":"2023-09-28T11:53:33.126-05:00[America/Bogota]","duration":75355,"testFailureCause":{"errorType":"net.thucydides.core.webdriver.exceptions.ElementShouldBeEnabledException","message":"Expected enabled element was not enabled","stackTrace":[{"declaringClass":"com.co.conduit.tasks.Login","methodName":"performAs","fileName":"Login.java","lineNumber":20},{"declaringClass":"com.co.conduit.stepsdefinitions.LoginStepDefinition","methodName":"theUserEnterTheDataForTheLogin","fileName":"LoginStepDefinition.java","lineNumber":43},{"declaringClass":"cucumber.runner.Runner","methodName":"runPickle","fileName":"Runner.java","lineNumber":80}],"rootCause":{"errorType":"org.openqa.selenium.TimeoutException","message":"Expected condition failed: waiting for By.xpath: //*[@id\u003d \u0027password\u0027] to be enabled (tried for 5 second(s) with 100 milliseconds interval)","stackTrace":[{"declaringClass":"com.co.conduit.tasks.Login","methodName":"performAs","fileName":"Login.java","lineNumber":20},{"declaringClass":"com.co.conduit.stepsdefinitions.LoginStepDefinition","methodName":"theUserEnterTheDataForTheLogin","fileName":"LoginStepDefinition.java","lineNumber":43},{"declaringClass":"cucumber.runner.Runner","methodName":"runPickle","fileName":"Runner.java","lineNumber":80}],"rootCause":{"errorType":"org.openqa.selenium.NoSuchElementException","message":"no such element: Unable to locate element: {\"method\":\"xpath\",\"selector\":\"//*[@id\u003d \u0027password\u0027]\"}\n  (Session info: chrome\u003d117.0.5938.132)\nFor documentation on this error, please visit: https://www.seleniumhq.org/exceptions/no_such_element.html\nBuild info: version: \u00273.141.59\u0027, revision: \u0027e82be7d358\u0027, time: \u00272018-11-14T08:17:03\u0027\nSystem info: host: \u0027CAMDFPCFAFSP008\u0027, ip: \u0027172.18.1.253\u0027, os.name: \u0027Windows 10\u0027, os.arch: \u0027amd64\u0027, os.version: \u002710.0\u0027, java.version: \u00271.8.0_382\u0027\nDriver info: org.openqa.selenium.chrome.ChromeDriver\nCapabilities {acceptInsecureCerts: false, browserName: chrome, browserVersion: 117.0.5938.132, chrome: {chromedriverVersion: 117.0.5938.92 (67649b10b92b..., userDataDir: C:\\Users\\SENA\\AppData\\Local...}, fedcm:accounts: true, goog:chromeOptions: {debuggerAddress: localhost:64082}, javascriptEnabled: true, networkConnectionEnabled: false, pageLoadStrategy: normal, platform: WINDOWS, platformName: WINDOWS, proxy: Proxy(), setWindowRect: true, strictFileInteractability: false, timeouts: {implicit: 0, pageLoad: 300000, script: 30000}, unhandledPromptBehavior: dismiss and notify, webauthn:extension:credBlob: true, webauthn:extension:largeBlob: true, webauthn:extension:minPinLength: true, webauthn:extension:prf: true, webauthn:virtualAuthenticators: true}\nSession ID: 19408f42c8c8d627d237e5b6dbe32397\n*** Element info: {Using\u003dxpath, value\u003d//*[@id\u003d \u0027password\u0027]}","stackTrace":[{"declaringClass":"com.co.conduit.tasks.Login","methodName":"performAs","fileName":"Login.java","lineNumber":20},{"declaringClass":"com.co.conduit.stepsdefinitions.LoginStepDefinition","methodName":"theUserEnterTheDataForTheLogin","fileName":"LoginStepDefinition.java","lineNumber":43},{"declaringClass":"cucumber.runner.Runner","methodName":"runPickle","fileName":"Runner.java","lineNumber":80}]}}},"testFailureClassname":"java.lang.AssertionError","testFailureMessage":"Expected enabled element was not enabled\r\nno such window: target window already closed\nfrom unknown error: web view not found\n  (Session info: chrome\u003d117.0.5938.132)\nBuild info: version: \u00273.141.59\u0027, revision: \u0027e82be7d358\u0027, time: \u00272018-11-14T08:17:03\u0027\nSystem info: host: \u0027CAMDFPCFAFSP008\u0027, ip: \u0027172.18.1.253\u0027, os.name: \u0027Windows 10\u0027, os.arch: \u0027amd64\u0027, os.version: \u002710.0\u0027, java.version: \u00271.8.0_382\u0027\nDriver info: org.openqa.selenium.chrome.ChromeDriver\nCapabilities {acceptInsecureCerts: false, browserName: chrome, browserVersion: 117.0.5938.132, chrome: {chromedriverVersion: 117.0.5938.92 (67649b10b92b..., userDataDir: C:\\Users\\SENA\\AppData\\Local...}, fedcm:accounts: true, goog:chromeOptions: {debuggerAddress: localhost:64197}, javascriptEnabled: true, networkConnectionEnabled: false, pageLoadStrategy: normal, platform: WINDOWS, platformName: WINDOWS, proxy: Proxy(), setWindowRect: true, strictFileInteractability: false, timeouts: {implicit: 0, pageLoad: 300000, script: 30000}, unhandledPromptBehavior: dismiss and notify, webauthn:extension:credBlob: true, webauthn:extension:largeBlob: true, webauthn:extension:minPinLength: true, webauthn:extension:prf: true, webauthn:virtualAuthenticators: true}\nSession ID: 32182198705f94bce10ad9cf196dbd67\n*** Element info: {Using\u003dxpath, value\u003d//*[contains(@href,\u0027https://account.booking.com/auth/oauth2?client_id\u003dv\u0027) and @data-testid \u003d \u0027header-sign-up-button\u0027]}\r\nno such window: target window already closed\nfrom unknown error: web view not found\n  (Session info: chrome\u003d117.0.5938.132)\nBuild info: version: \u00273.141.59\u0027, revision: \u0027e82be7d358\u0027, time: \u00272018-11-14T08:17:03\u0027\nSystem info: host: \u0027CAMDFPCFAFSP008\u0027, ip: \u0027172.18.1.253\u0027, os.name: \u0027Windows 10\u0027, os.arch: \u0027amd64\u0027, os.version: \u002710.0\u0027, java.version: \u00271.8.0_382\u0027\nDriver info: org.openqa.selenium.chrome.ChromeDriver\nCapabilities {acceptInsecureCerts: false, browserName: chrome, browserVersion: 117.0.5938.132, chrome: {chromedriverVersion: 117.0.5938.92 (67649b10b92b..., userDataDir: C:\\Users\\SENA\\AppData\\Local...}, fedcm:accounts: true, goog:chromeOptions: {debuggerAddress: localhost:64197}, javascriptEnabled: true, networkConnectionEnabled: false, pageLoadStrategy: normal, platform: WINDOWS, platformName: WINDOWS, proxy: Proxy(), setWindowRect: true, strictFileInteractability: false, timeouts: {implicit: 0, pageLoad: 300000, script: 30000}, unhandledPromptBehavior: dismiss and notify, webauthn:extension:credBlob: true, webauthn:extension:largeBlob: true, webauthn:extension:minPinLength: true, webauthn:extension:prf: true, webauthn:virtualAuthenticators: true}\nSession ID: 32182198705f94bce10ad9cf196dbd67\n*** Element info: {Using\u003dxpath, value\u003d//*[contains(@href,\u0027https://account.booking.com/auth/oauth2?client_id\u003dv\u0027) and @data-testid \u003d \u0027header-sign-up-button\u0027]}\r\nno such window: target window already closed\nfrom unknown error: web view not found\n  (Session info: chrome\u003d117.0.5938.132)\nBuild info: version: \u00273.141.59\u0027, revision: \u0027e82be7d358\u0027, time: \u00272018-11-14T08:17:03\u0027\nSystem info: host: \u0027CAMDFPCFAFSP008\u0027, ip: \u0027172.18.1.253\u0027, os.name: \u0027Windows 10\u0027, os.arch: \u0027amd64\u0027, os.version: \u002710.0\u0027, java.version: \u00271.8.0_382\u0027\nDriver info: org.openqa.selenium.chrome.ChromeDriver\nCapabilities {acceptInsecureCerts: false, browserName: chrome, browserVersion: 117.0.5938.132, chrome: {chromedriverVersion: 117.0.5938.92 (67649b10b92b..., userDataDir: C:\\Users\\SENA\\AppData\\Local...}, fedcm:accounts: true, goog:chromeOptions: {debuggerAddress: localhost:64197}, javascriptEnabled: true, networkConnectionEnabled: false, pageLoadStrategy: normal, platform: WINDOWS, platformName: WINDOWS, proxy: Proxy(), setWindowRect: true, strictFileInteractability: false, timeouts: {implicit: 0, pageLoad: 300000, script: 30000}, unhandledPromptBehavior: dismiss and notify, webauthn:extension:credBlob: true, webauthn:extension:largeBlob: true, webauthn:extension:minPinLength: true, webauthn:extension:prf: true, webauthn:virtualAuthenticators: true}\nSession ID: 32182198705f94bce10ad9cf196dbd67\n*** Element info: {Using\u003dxpath, value\u003d//*[contains(@href,\u0027https://account.booking.com/auth/oauth2?client_id\u003dv\u0027) and @data-testid \u003d \u0027header-sign-up-button\u0027]}","testFailureSummary":"ERROR;org.openqa.selenium.NoSuchWindowException;no such window: target window already closed\nfrom unknown error: web view not found\n  (Session info: chrome\u003d117.0.5938.132)\nBuild info: version: \u00273.141.59\u0027, revision: \u0027e82be7d358\u0027, time: \u00272018-11-14T08:17:03\u0027\nSystem info: host: \u0027CAMDFPCFAFSP008\u0027, ip: \u0027172.18.1.253\u0027, os.name: \u0027Windows 10\u0027, os.arch: \u0027amd64\u0027, os.version: \u002710.0\u0027, java.version: \u00271.8.0_382\u0027\nDriver info: org.openqa.selenium.chrome.ChromeDriver\nCapabilities {acceptInsecureCerts: false, browserName: chrome, browserVersion: 117.0.5938.132, chrome: {chromedriverVersion: 117.0.5938.92 (67649b10b92b..., userDataDir: C:\\Users\\SENA\\AppData\\Local...}, fedcm:accounts: true, goog:chromeOptions: {debuggerAddress: localhost:64197}, javascriptEnabled: true, networkConnectionEnabled: false, pageLoadStrategy: normal, platform: WINDOWS, platformName: WINDOWS, proxy: Proxy(), setWindowRect: true, strictFileInteractability: false, timeouts: {implicit: 0, pageLoad: 300000, script: 30000}, unhandledPromptBehavior: dismiss and notify, webauthn:extension:credBlob: true, webauthn:extension:largeBlob: true, webauthn:extension:minPinLength: true, webauthn:extension:prf: true, webauthn:virtualAuthenticators: true}\nSession ID: 32182198705f94bce10ad9cf196dbd67\n*** Element info: {Using\u003dxpath, value\u003d//*[contains(@href,\u0027https://account.booking.com/auth/oauth2?client_id\u003dv\u0027) and @data-testid \u003d \u0027header-sign-up-button\u0027]};Login.java","projectKey":"","annotatedResult":"ERROR","driver":"chrome","isManualTestingUpToDate":false,"dataTable":{"headers":["email","password"],"rows":[{"values":["acadenacuellar22@gmail.com","Cadena123456"],"lineNumber":0,"result":"FAILURE"},{"values":["domingomartes213215@gmail.com","Juan123456"],"lineNumber":0,"result":"ERROR"}],"predefinedRows":true,"scenarioOutline":"Given The user is on the page view\n\rWhen The user enter the data for the login\n\rThen the user should see the accommodation view page\n\r","dataSetDescriptors":[{"startRow":0,"rowCount":0,"name":""}]},"manual":false,"testSource":"Cucumber","actors":[{"name":"User","can":["browse the web"]}],"result":"ERROR","scenarioOutline":"Given The user is on the page view\r\nWhen The user enter the data for the login\r\n|email | password|\r\n|\u003cemail\u003e | \u003cpassword\u003e|\r\nThen the user should see the accommodation view page"}